<?xml version="1.0" encoding="UTF-8"?>
<!-- Generated by org.testng.reporters.JUnitReportReporter -->
<testsuite hostname="DESKTOP-C9T9OGT" failures="0" tests="2" name="Academy.HomePageTest" time="50.729" errors="0" timestamp="20 May 2021 04:56:11 GMT">
  <testcase classname="Academy.HomePageTest" name="basePageNavigation" time="8.981"/>
  <testcase classname="Academy.HomePageTest" name="basePageNavigation" time="41.748"/>
</testsuite> <!-- Academy.HomePageTest -->
