<?xml version="1.0" encoding="UTF-8"?>
<!-- Generated by org.testng.reporters.JUnitReportReporter -->
<testsuite hostname="DESKTOP-C9T9OGT" failures="0" tests="1" name="Academy.AppTest" time="0.001" errors="0" timestamp="20 May 2021 04:56:11 GMT">
  <testcase classname="Academy.AppTest" name="shouldAnswerWithTrue" time="0.001"/>
</testsuite> <!-- Academy.AppTest -->
