<?xml version="1.0" encoding="UTF-8"?>
<!-- Generated by org.testng.reporters.JUnitReportReporter -->
<testsuite hostname="DESKTOP-C9T9OGT" failures="0" tests="1" name="Academy.validateTitle" time="0.191" errors="0" timestamp="18 May 2021 10:17:06 GMT">
  <testcase classname="Academy.validateTitle" name="basePageNavigation" time="0.191"/>
</testsuite> <!-- Academy.validateTitle -->
