<?xml version="1.0" encoding="UTF-8"?>
<!-- Generated by org.testng.reporters.JUnitReportReporter -->
<testsuite hostname="DESKTOP-C9T9OGT" failures="0" tests="1" name="Academy.AppTest" time="0.002" errors="0" timestamp="18 May 2021 10:32:11 GMT">
  <testcase classname="Academy.AppTest" name="shouldAnswerWithTrue" time="0.002"/>
</testsuite> <!-- Academy.AppTest -->
